-------------------------------------------------------------------------------------------------------------------------------------------------------------------------------------------------------
      name:  <unnamed>
       log:  S:\ICS_Student_Projects\2024-25\Jocelyn\output\js_cfpwv_wc.log
  log type:  text
 opened on:  30 Jun 2025, 23:09:09
z_total_iq_8 created with 8304 missing values
z_wc_9 created with 7959 missing values
===============================================================================
Regression on: [regress z_wc_9 z_total_iq_8 age_9 i.sex i.ses]
===============================================================================

      Source |       SS           df       MS      Number of obs   =     5,854
-------------+----------------------------------   F(8, 5845)      =     13.81
       Model |  100.874709         8  12.6093386   Prob > F        =    0.0000
    Residual |  5335.64247     5,845  .912855854   R-squared       =    0.0186
-------------+----------------------------------   Adj R-squared   =    0.0172
       Total |  5436.51718     5,853  .928842846   Root MSE        =    .95543

-------------------------------------------------------------------------------------------
                   z_wc_9 | Coefficient  Std. err.      t    P>|t|     [95% conf. interval]
--------------------------+----------------------------------------------------------------
             z_total_iq_8 |   -.018118   .0133639    -1.36   0.175    -.0443162    .0080801
                    age_9 |   .0321638   .0036019     8.93   0.000     .0251028    .0392248
                          |
                      sex |
                  Female  |  -.0717862    .024995    -2.87   0.004    -.1207856   -.0227867
                          |
                      ses |
 II Managerial/Technical  |   .0847448   .0366011     2.32   0.021     .0129931    .1564965
IIINM Skilled Non-Manual  |   .0745645   .0411528     1.81   0.070    -.0061103    .1552393
     IIIM Skilled Manual  |   .1445334   .0522698     2.77   0.006     .0420652    .2470016
       IV Partly Skilled  |   .1664758   .0747174     2.23   0.026     .0200021    .3129494
             V Unskilled  |   .3407575   .1980375     1.72   0.085    -.0474693    .7289844
                          |
                    _cons |  -3.880457    .426714    -9.09   0.000    -4.716974   -3.043939
-------------------------------------------------------------------------------------------
===========================
Regression results:
z_IQ at: 8
Exposure: Waist_circumference (wc)
Age: 9
IQ Coefficient: -.01811804
IQ 95% CI Lower: -.0443162
IQ 95% CI Upper: .00808011
Regression results summary: z_IQ_at: 8 , Exposure: Waist_circumference_(wc) , Age: 9 , IQ_Coefficient: -.01811804 , IQ_95%_CI_Lower: -.0443162 , IQ_95%_CI_Upper: .00808011
===========================
z_wc_24 created with 11681 missing values
===============================================================================
Regression on: [regress z_wc_24 z_total_iq_8 age_24 i.sex i.ses]
===============================================================================

      Source |       SS           df       MS      Number of obs   =     2,888
-------------+----------------------------------   F(8, 2879)      =     47.43
       Model |  323.431795         8  40.4289743   Prob > F        =    0.0000
    Residual |  2453.90386     2,879  .852345903   R-squared       =    0.1165
-------------+----------------------------------   Adj R-squared   =    0.1140
       Total |  2777.33565     2,887  .962014427   Root MSE        =    .92323

-------------------------------------------------------------------------------------------
                  z_wc_24 | Coefficient  Std. err.      t    P>|t|     [95% conf. interval]
--------------------------+----------------------------------------------------------------
             z_total_iq_8 |  -.0887275   .0187803    -4.72   0.000    -.1255517   -.0519034
                   age_24 |   .0044904   .0018308     2.45   0.014     .0009006    .0080802
                          |
                      sex |
                  Female  |  -.6411074   .0354116   -18.10   0.000    -.7105421   -.5716727
                          |
                      ses |
 II Managerial/Technical  |   .0967677   .0460329     2.10   0.036     .0065068    .1870285
IIINM Skilled Non-Manual  |     .11963   .0541099     2.21   0.027     .0135319     .225728
     IIIM Skilled Manual  |   .3182132   .0748242     4.25   0.000     .1714987    .4649277
       IV Partly Skilled  |   .2112622   .1197091     1.76   0.078     -.023462    .4459864
             V Unskilled  |   .7050475   .3794175     1.86   0.063      -.03891    1.449005
                          |
                    _cons |  -1.030964   .5415573    -1.90   0.057    -2.092843    .0309154
-------------------------------------------------------------------------------------------
===========================
Regression results:
z_IQ at: 8
Exposure: Waist_circumference (wc)
Age: 24
IQ Coefficient: -.08872754
IQ 95% CI Lower: -.1255517
IQ 95% CI Upper: -.05190338
Regression results summary: z_IQ_at: 8 , Exposure: Waist_circumference_(wc) , Age: 24 , IQ_Coefficient: -.08872754 , IQ_95%_CI_Lower: -.1255517 , IQ_95%_CI_Upper: -.05190338
===========================
file output\js_cfpwv_wc.png saved as PNG format
      name:  <unnamed>
       log:  S:\ICS_Student_Projects\2024-25\Jocelyn\output\js_cfpwv_wc.log
  log type:  text
 closed on:  30 Jun 2025, 23:09:10
-------------------------------------------------------------------------------------------------------------------------------------------------------------------------------------------------------
