-------------------------------------------------------------------------------------------------------------------------------------------------------------------------------------------------------
      name:  <unnamed>
       log:  S:\ICS_Student_Projects\2024-25\Jocelyn\output\js_cfpwv_cfpwv.log
  log type:  text
 opened on:  30 Jun 2025, 23:09:22
z_total_iq_8 created with 8304 missing values
z_cfpwv_17 created with 11765 missing values
===============================================================================
Regression on: [regress z_cfpwv_17 z_total_iq_8 age_17 i.sex i.ses]
===============================================================================

      Source |       SS           df       MS      Number of obs   =     3,010
-------------+----------------------------------   F(8, 3001)      =     55.12
       Model |  371.627007         8  46.4533759   Prob > F        =    0.0000
    Residual |  2529.10835     3,001  .842755197   R-squared       =    0.1281
-------------+----------------------------------   Adj R-squared   =    0.1258
       Total |  2900.73535     3,009  .964019725   Root MSE        =    .91802

-------------------------------------------------------------------------------------------
               z_cfpwv_17 | Coefficient  Std. err.      t    P>|t|     [95% conf. interval]
--------------------------+----------------------------------------------------------------
             z_total_iq_8 |   .0021556    .017841     0.12   0.904    -.0328261    .0371374
                   age_17 |   .0160762    .004403     3.65   0.000     .0074429    .0247095
                          |
                      sex |
                  Female  |  -.6927564   .0337311   -20.54   0.000    -.7588949    -.626618
                          |
                      ses |
 II Managerial/Technical  |  -.0078853   .0457593    -0.17   0.863    -.0976082    .0818375
IIINM Skilled Non-Manual  |   .0231827   .0537088     0.43   0.666    -.0821271    .1284925
     IIIM Skilled Manual  |   .0265842   .0708601     0.38   0.708     -.112355    .1655234
       IV Partly Skilled  |   .1998498   .1033781     1.93   0.053    -.0028492    .4025488
             V Unskilled  |   .7283159   .3092359     2.36   0.019     .1219802    1.334652
                          |
                    _cons |  -3.043775   .9366802    -3.25   0.001    -4.880375   -1.207175
-------------------------------------------------------------------------------------------
===========================
Regression results:
z_IQ at: 8
Exposure: Carotid_femoral_pwv (cfpwv)
Age: 17
IQ Coefficient: .00215564
IQ 95% CI Lower: -.03282611
IQ 95% CI Upper: .03713739
Regression results summary: z_IQ_at: 8 , Exposure: Carotid_femoral_pwv_(cfpwv) , Age: 17 , IQ_Coefficient: .00215564 , IQ_95%_CI_Lower: -.03282611 , IQ_95%_CI_Upper: .03713739
===========================
z_cfpwv_24 created with 13173 missing values
===============================================================================
Regression on: [regress z_cfpwv_24 z_total_iq_8 age_24 i.sex i.ses]
===============================================================================

      Source |       SS           df       MS      Number of obs   =     1,915
-------------+----------------------------------   F(8, 1906)      =      7.40
       Model |  29.6515834         8  3.70644792   Prob > F        =    0.0000
    Residual |   954.37491     1,906  .500721359   R-squared       =    0.0301
-------------+----------------------------------   Adj R-squared   =    0.0261
       Total |  984.026493     1,914  .514120425   Root MSE        =    .70762

-------------------------------------------------------------------------------------------
               z_cfpwv_24 | Coefficient  Std. err.      t    P>|t|     [95% conf. interval]
--------------------------+----------------------------------------------------------------
             z_total_iq_8 |   .0208529   .0176608     1.18   0.238    -.0137837    .0554895
                   age_24 |   .0088696   .0022058     4.02   0.000     .0045436    .0131956
                          |
                      sex |
                  Female  |   -.193381   .0334634    -5.78   0.000    -.2590098   -.1277523
                          |
                      ses |
 II Managerial/Technical  |   .0414178   .0429737     0.96   0.335    -.0428626    .1256981
IIINM Skilled Non-Manual  |  -.0068667   .0507664    -0.14   0.892    -.1064302    .0926968
     IIIM Skilled Manual  |   .0678944   .0714215     0.95   0.342    -.0721781     .207967
       IV Partly Skilled  |  -.1644854   .1244918    -1.32   0.187    -.4086398     .079669
             V Unskilled  |   .1622274   .7087617     0.23   0.819    -1.227803    1.552258
                          |
                    _cons |  -2.455008   .6450532    -3.81   0.000    -3.720093   -1.189924
-------------------------------------------------------------------------------------------
===========================
Regression results:
z_IQ at: 8
Exposure: Carotid_femoral_pwv (cfpwv)
Age: 24
IQ Coefficient: .0208529
IQ 95% CI Lower: -.01378369
IQ 95% CI Upper: .05548949
Regression results summary: z_IQ_at: 8 , Exposure: Carotid_femoral_pwv_(cfpwv) , Age: 24 , IQ_Coefficient: .0208529 , IQ_95%_CI_Lower: -.01378369 , IQ_95%_CI_Upper: .05548949
===========================
file output\js_cfpwv_cfpwv.png saved as PNG format
      name:  <unnamed>
       log:  S:\ICS_Student_Projects\2024-25\Jocelyn\output\js_cfpwv_cfpwv.log
  log type:  text
 closed on:  30 Jun 2025, 23:09:23
-------------------------------------------------------------------------------------------------------------------------------------------------------------------------------------------------------
