-------------------------------------------------------------------------------------------------------------------------------------------------------------------------------------------------------
      name:  <unnamed>
       log:  S:\ICS_Student_Projects\2024-25\Jocelyn\output\js_cfpwv_bmi.log
  log type:  text
 opened on:  30 Jun 2025, 23:08:47
z_total_iq_8 created with 8304 missing values
z_bmi_9 created with 8017 missing values
===============================================================================
Regression on: [regress z_bmi_9 z_total_iq_8 age_9 i.sex i.ses]
===============================================================================

      Source |       SS           df       MS      Number of obs   =     5,802
-------------+----------------------------------   F(8, 5793)      =     12.27
       Model |  89.5446192         8  11.1930774   Prob > F        =    0.0000
    Residual |  5283.69693     5,793  .912083019   R-squared       =    0.0167
-------------+----------------------------------   Adj R-squared   =    0.0153
       Total |  5373.24155     5,801  .926261257   Root MSE        =    .95503

-------------------------------------------------------------------------------------------
                  z_bmi_9 | Coefficient  Std. err.      t    P>|t|     [95% conf. interval]
--------------------------+----------------------------------------------------------------
             z_total_iq_8 |  -.0349175   .0134351    -2.60   0.009    -.0612553   -.0085796
                    age_9 |   .0211921   .0036169     5.86   0.000     .0141015    .0282826
                          |
                      sex |
                  Female  |   .1475432   .0250945     5.88   0.000     .0983485    .1967378
                          |
                      ses |
 II Managerial/Technical  |   .0964773   .0367584     2.62   0.009     .0244172    .1685374
IIINM Skilled Non-Manual  |   .0983985   .0413041     2.38   0.017      .017427    .1793699
     IIIM Skilled Manual  |   .1526489    .052504     2.91   0.004     .0497215    .2555763
       IV Partly Skilled  |   .1009687    .075306     1.34   0.180    -.0466592    .2485967
             V Unskilled  |    .264355   .1979851     1.34   0.182    -.1237698    .6524798
                          |
                    _cons |  -2.701269   .4285398    -6.30   0.000    -3.541367   -1.861171
-------------------------------------------------------------------------------------------
===========================
Regression results:
z_IQ at: 8
Exposure: BMI (bmi)
Age: 9
IQ Coefficient: -.03491747
IQ 95% CI Lower: -.06125532
IQ 95% CI Upper: -.00857963
Regression results summary: z_IQ_at: 8 , Exposure: BMI_(bmi) , Age: 9 , IQ_Coefficient: -.03491747 , IQ_95%_CI_Lower: -.06125532 , IQ_95%_CI_Upper: -.00857963
===========================
z_bmi_17 created with 10588 missing values
===============================================================================
Regression on: [regress z_bmi_17 z_total_iq_8 age_17 i.sex i.ses]
===============================================================================

      Source |       SS           df       MS      Number of obs   =     3,755
-------------+----------------------------------   F(9, 3745)      =      6.33
       Model |   52.189525         9  5.79883611   Prob > F        =    0.0000
    Residual |  3429.46598     3,745  .915745256   R-squared       =    0.0150
-------------+----------------------------------   Adj R-squared   =    0.0126
       Total |  3481.65551     3,754  .927452187   Root MSE        =    .95695

-------------------------------------------------------------------------------------------
                 z_bmi_17 | Coefficient  Std. err.      t    P>|t|     [95% conf. interval]
--------------------------+----------------------------------------------------------------
             z_total_iq_8 |  -.0590707   .0166949    -3.54   0.000    -.0918026   -.0263387
                   age_17 |   .0085353   .0031954     2.67   0.008     .0022703    .0148003
                          |
                      sex |
                  Female  |   .0393536   .0314992     1.25   0.212    -.0224035    .1011108
                          |
                      ses |
 II Managerial/Technical  |   .1175598   .0429595     2.74   0.006     .0333335    .2017861
IIINM Skilled Non-Manual  |   .1406268    .050255     2.80   0.005      .042097    .2391566
     IIIM Skilled Manual  |   .2403506   .0667691     3.60   0.000     .1094433    .3712579
       IV Partly Skilled  |   .2895391   .0973228     2.98   0.003     .0987281      .48035
             V Unskilled  |   .4165841   .2688111     1.55   0.121    -.1104463    .9436145
            Armed Forces  |  -.1780206   .9580757    -0.19   0.853    -2.056422     1.70038
                          |
                    _cons |  -1.994565   .6824072    -2.92   0.003     -3.33249   -.6566387
-------------------------------------------------------------------------------------------
===========================
Regression results:
z_IQ at: 8
Exposure: BMI (bmi)
Age: 17
IQ Coefficient: -.05907066
IQ 95% CI Lower: -.09180264
IQ 95% CI Upper: -.02633867
Regression results summary: z_IQ_at: 8 , Exposure: BMI_(bmi) , Age: 17 , IQ_Coefficient: -.05907066 , IQ_95%_CI_Lower: -.09180264 , IQ_95%_CI_Upper: -.02633867
===========================
z_bmi_24 created with 11672 missing values
===============================================================================
Regression on: [regress z_bmi_24 z_total_iq_8 age_24 i.sex i.ses]
===============================================================================

      Source |       SS           df       MS      Number of obs   =     2,893
-------------+----------------------------------   F(8, 2884)      =      8.17
       Model |  59.5214431         8  7.44018039   Prob > F        =    0.0000
    Residual |  2625.15729     2,884  .910248712   R-squared       =    0.0222
-------------+----------------------------------   Adj R-squared   =    0.0195
       Total |  2684.67873     2,892  .928312147   Root MSE        =    .95407

-------------------------------------------------------------------------------------------
                 z_bmi_24 | Coefficient  Std. err.      t    P>|t|     [95% conf. interval]
--------------------------+----------------------------------------------------------------
             z_total_iq_8 |  -.0852171   .0194055    -4.39   0.000    -.1232672   -.0471671
                   age_24 |   .0045494   .0018864     2.41   0.016     .0008506    .0082482
                          |
                      sex |
                  Female  |  -.0137874   .0365667    -0.38   0.706    -.0854869    .0579121
                          |
                      ses |
 II Managerial/Technical  |   .1216954   .0475025     2.56   0.010     .0285532    .2148376
IIINM Skilled Non-Manual  |   .1617957   .0558603     2.90   0.004     .0522657    .2713258
     IIIM Skilled Manual  |   .3490095   .0771631     4.52   0.000      .197709    .5003099
       IV Partly Skilled  |   .3377465   .1236761     2.73   0.006     .0952439     .580249
             V Unskilled  |    .591618   .3920762     1.51   0.131    -.1771598    1.360396
                          |
                    _cons |  -1.474113   .5581207    -2.64   0.008    -2.568469   -.3797574
-------------------------------------------------------------------------------------------
===========================
Regression results:
z_IQ at: 8
Exposure: BMI (bmi)
Age: 24
IQ Coefficient: -.08521711
IQ 95% CI Lower: -.12326716
IQ 95% CI Upper: -.04716706
Regression results summary: z_IQ_at: 8 , Exposure: BMI_(bmi) , Age: 24 , IQ_Coefficient: -.08521711 , IQ_95%_CI_Lower: -.12326716 , IQ_95%_CI_Upper: -.04716706
===========================
file output\js_cfpwv_bmi.png saved as PNG format
      name:  <unnamed>
       log:  S:\ICS_Student_Projects\2024-25\Jocelyn\output\js_cfpwv_bmi.log
  log type:  text
 closed on:  30 Jun 2025, 23:09:09
-------------------------------------------------------------------------------------------------------------------------------------------------------------------------------------------------------
