-------------------------------------------------------------------------------------------------------------------------------------------------------------------------------------------------------
      name:  <unnamed>
       log:  S:\ICS_Student_Projects\2024-25\Jocelyn\output\js_cfpwv_chol.log
  log type:  text
 opened on:  30 Jun 2025, 23:09:14
z_total_iq_8 created with 8304 missing values
z_chol_9 created with 10568 missing values
===============================================================================
Regression on: [regress z_chol_9 z_total_iq_8 age_9 i.sex i.ses]
===============================================================================

      Source |       SS           df       MS      Number of obs   =     3,924
-------------+----------------------------------   F(8, 3915)      =      7.31
       Model |   56.097016         8  7.01212701   Prob > F        =    0.0000
    Residual |  3754.86722     3,915  .959097629   R-squared       =    0.0147
-------------+----------------------------------   Adj R-squared   =    0.0127
       Total |  3810.96423     3,923  .971441303   Root MSE        =    .97934

-------------------------------------------------------------------------------------------
                 z_chol_9 | Coefficient  Std. err.      t    P>|t|     [95% conf. interval]
--------------------------+----------------------------------------------------------------
             z_total_iq_8 |  -.0294818   .0168415    -1.75   0.080    -.0625008    .0035372
                    age_9 |   -.002038   .0044255    -0.46   0.645    -.0107145    .0066385
                          |
                      sex |
                  Female  |   .2248242   .0313132     7.18   0.000     .1634325     .286216
                          |
                      ses |
 II Managerial/Technical  |  -.0179068   .0454574    -0.39   0.694    -.1070292    .0712155
IIINM Skilled Non-Manual  |   .0056554   .0514515     0.11   0.912    -.0952188    .1065297
     IIIM Skilled Manual  |  -.0473438   .0656264    -0.72   0.471     -.176009    .0813215
       IV Partly Skilled  |    .106357   .0951477     1.12   0.264    -.0801867    .2929007
             V Unskilled  |    -.03877   .2750779    -0.14   0.888    -.5780796    .5005396
                          |
                    _cons |   .1464587    .524675     0.28   0.780    -.8822035    1.175121
-------------------------------------------------------------------------------------------
===========================
Regression results:
z_IQ at: 8
Exposure: Cholesterol (chol)
Age: 9
IQ Coefficient: -.02948181
IQ 95% CI Lower: -.06250079
IQ 95% CI Upper: .00353717
Regression results summary: z_IQ_at: 8 , Exposure: Cholesterol_(chol) , Age: 9 , IQ_Coefficient: -.02948181 , IQ_95%_CI_Lower: -.06250079 , IQ_95%_CI_Upper: .00353717
===========================
z_chol_17 created with 12363 missing values
===============================================================================
Regression on: [regress z_chol_17 z_total_iq_8 age_17 i.sex i.ses]
===============================================================================

      Source |       SS           df       MS      Number of obs   =     2,473
-------------+----------------------------------   F(9, 2463)      =     26.34
       Model |  217.922234         9  24.2135815   Prob > F        =    0.0000
    Residual |  2264.13015     2,463  .919257066   R-squared       =    0.0878
-------------+----------------------------------   Adj R-squared   =    0.0845
       Total |  2482.05239     2,472   1.0040665   Root MSE        =    .95878

-------------------------------------------------------------------------------------------
                z_chol_17 | Coefficient  Std. err.      t    P>|t|     [95% conf. interval]
--------------------------+----------------------------------------------------------------
             z_total_iq_8 |   .0205387    .020576     1.00   0.318    -.0198094    .0608868
                   age_17 |   .0054179   .0042512     1.27   0.203    -.0029184    .0137542
                          |
                      sex |
                  Female  |   .5841732   .0387097    15.09   0.000     .5082663    .6600802
                          |
                      ses |
 II Managerial/Technical  |   .0281535   .0516365     0.55   0.586     -.073102    .1294089
IIINM Skilled Non-Manual  |   .0107184   .0621033     0.17   0.863    -.1110618    .1324985
     IIIM Skilled Manual  |  -.0261387   .0834574    -0.31   0.754    -.1897925    .1375151
       IV Partly Skilled  |   .0296681   .1199153     0.25   0.805    -.2054772    .2648134
             V Unskilled  |   .5169326   .3424903     1.51   0.131    -.1546661    1.188531
            Armed Forces  |  -.9583268   .9604685    -1.00   0.318    -2.841736    .9250824
                          |
                    _cons |  -1.466076   .9068416    -1.62   0.106    -3.244327    .3121746
-------------------------------------------------------------------------------------------
===========================
Regression results:
z_IQ at: 8
Exposure: Cholesterol (chol)
Age: 17
IQ Coefficient: .02053871
IQ 95% CI Lower: -.01980942
IQ 95% CI Upper: .06088683
Regression results summary: z_IQ_at: 8 , Exposure: Cholesterol_(chol) , Age: 17 , IQ_Coefficient: .02053871 , IQ_95%_CI_Lower: -.01980942 , IQ_95%_CI_Upper: .06088683
===========================
z_chol_24 created with 12395 missing values
===============================================================================
Regression on: [regress z_chol_24 z_total_iq_8 age_24 i.sex i.ses]
===============================================================================

      Source |       SS           df       MS      Number of obs   =     2,366
-------------+----------------------------------   F(8, 2357)      =     20.02
       Model |  145.084058         8  18.1355073   Prob > F        =    0.0000
    Residual |  2135.25201     2,357  .905919395   R-squared       =    0.0636
-------------+----------------------------------   Adj R-squared   =    0.0604
       Total |  2280.33607     2,365  .964201299   Root MSE        =     .9518

-------------------------------------------------------------------------------------------
                z_chol_24 | Coefficient  Std. err.      t    P>|t|     [95% conf. interval]
--------------------------+----------------------------------------------------------------
             z_total_iq_8 |   .0054031   .0216859     0.25   0.803    -.0371223    .0479284
                   age_24 |   .0239437   .0020844    11.49   0.000     .0198563    .0280311
                          |
                      sex |
                  Female  |   .2083408   .0399119     5.22   0.000     .1300747    .2866068
                          |
                      ses |
 II Managerial/Technical  |  -.0376138   .0520741    -0.72   0.470    -.1397296    .0645021
IIINM Skilled Non-Manual  |  -.0000863   .0615371    -0.00   0.999    -.1207588    .1205863
     IIIM Skilled Manual  |   .1063167   .0872786     1.22   0.223    -.0648342    .2774676
       IV Partly Skilled  |   .1374015   .1391577     0.99   0.324    -.1354827    .4102857
             V Unskilled  |   .3344107    .478572     0.70   0.485    -.6040551    1.272877
                          |
                    _cons |  -7.161935   .6168319   -11.61   0.000    -8.371524   -5.952346
-------------------------------------------------------------------------------------------
===========================
Regression results:
z_IQ at: 8
Exposure: Cholesterol (chol)
Age: 24
IQ Coefficient: .00540306
IQ 95% CI Lower: -.03712232
IQ 95% CI Upper: .04792845
Regression results summary: z_IQ_at: 8 , Exposure: Cholesterol_(chol) , Age: 24 , IQ_Coefficient: .00540306 , IQ_95%_CI_Lower: -.03712232 , IQ_95%_CI_Upper: .04792845
===========================
file output\js_cfpwv_chol.png saved as PNG format
      name:  <unnamed>
       log:  S:\ICS_Student_Projects\2024-25\Jocelyn\output\js_cfpwv_chol.log
  log type:  text
 closed on:  30 Jun 2025, 23:09:15
-------------------------------------------------------------------------------------------------------------------------------------------------------------------------------------------------------
