-------------------------------------------------------------------------------------------------------------------------------------------------------------------------------------------------------
      name:  <unnamed>
       log:  S:\ICS_Student_Projects\2024-25\Jocelyn\output\js_cfpwv_bp_dia.log
  log type:  text
 opened on:  30 Jun 2025, 23:09:12
z_total_iq_8 created with 8304 missing values
z_bp_dia_9 created with 8047 missing values
===============================================================================
Regression on: [regress z_bp_dia_9 z_total_iq_8 age_9 i.sex i.ses]
===============================================================================

      Source |       SS           df       MS      Number of obs   =     5,786
-------------+----------------------------------   F(8, 5777)      =      2.77
       Model |  21.7635654         8  2.72044568   Prob > F        =    0.0047
    Residual |  5680.29288     5,777  .983259976   R-squared       =    0.0038
-------------+----------------------------------   Adj R-squared   =    0.0024
       Total |  5702.05644     5,785  .985662307   Root MSE        =    .99159

-------------------------------------------------------------------------------------------
               z_bp_dia_9 | Coefficient  Std. err.      t    P>|t|     [95% conf. interval]
--------------------------+----------------------------------------------------------------
             z_total_iq_8 |  -.0304093    .013976    -2.18   0.030    -.0578076   -.0030111
                    age_9 |   .0022109   .0037542     0.59   0.556    -.0051487    .0095706
                          |
                      sex |
                  Female  |   .0698104   .0260938     2.68   0.007     .0186567     .120964
                          |
                      ses |
 II Managerial/Technical  |   .0294269   .0382594     0.77   0.442    -.0455759    .1044297
IIINM Skilled Non-Manual  |   .0327723   .0429851     0.76   0.446    -.0514946    .1170392
     IIIM Skilled Manual  |   .0047525   .0546302     0.09   0.931    -.1023431    .1118481
       IV Partly Skilled  |   .1916884   .0779704     2.46   0.014     .0388372    .3445397
             V Unskilled  |   .1273471   .2098008     0.61   0.544    -.2839411    .5386353
                          |
                    _cons |  -.3469558   .4448353    -0.78   0.435       -1.219    .5250881
-------------------------------------------------------------------------------------------
===========================
Regression results:
z_IQ at: 8
Exposure: Diastolic_blood_pressure (bp_dia)
Age: 9
IQ Coefficient: -.03040934
IQ 95% CI Lower: -.05780759
IQ 95% CI Upper: -.00301109
Regression results summary: z_IQ_at: 8 , Exposure: Diastolic_blood_pressure_(bp_dia) , Age: 9 , IQ_Coefficient: -.03040934 , IQ_95%_CI_Lower: -.05780759 , IQ_95%_CI_Upper: -.00301109
===========================
z_bp_dia_17 created with 10974 missing values
===============================================================================
Regression on: [regress z_bp_dia_17 z_total_iq_8 age_17 i.sex i.ses]
===============================================================================

      Source |       SS           df       MS      Number of obs   =     3,522
-------------+----------------------------------   F(9, 3512)      =     11.86
       Model |  101.537714         9  11.2819683   Prob > F        =    0.0000
    Residual |  3341.42732     3,512   .95143147   R-squared       =    0.0295
-------------+----------------------------------   Adj R-squared   =    0.0270
       Total |  3442.96504     3,521  .977837273   Root MSE        =    .97541

-------------------------------------------------------------------------------------------
              z_bp_dia_17 | Coefficient  Std. err.      t    P>|t|     [95% conf. interval]
--------------------------+----------------------------------------------------------------
             z_total_iq_8 |  -.0723102   .0175611    -4.12   0.000    -.1067412   -.0378793
                   age_17 |   .0175675   .0037043     4.74   0.000     .0103048    .0248302
                          |
                      sex |
                  Female  |     .20802    .033163     6.27   0.000     .1429993    .2730406
                          |
                      ses |
 II Managerial/Technical  |   .1226675   .0452003     2.71   0.007      .034046    .2112889
IIINM Skilled Non-Manual  |   .1110091    .053055     2.09   0.036     .0069874    .2150308
     IIIM Skilled Manual  |   .2026933    .070253     2.89   0.004     .0649526     .340434
       IV Partly Skilled  |   .1483715   .1015229     1.46   0.144    -.0506783    .3474214
             V Unskilled  |   .0365006   .2849315     0.13   0.898    -.5221473    .5951486
            Armed Forces  |  -1.094455   .9766801    -1.12   0.263    -3.009372    .8204632
                          |
                    _cons |  -3.970912   .7902768    -5.02   0.000     -5.52036   -2.421464
-------------------------------------------------------------------------------------------
===========================
Regression results:
z_IQ at: 8
Exposure: Diastolic_blood_pressure (bp_dia)
Age: 17
IQ Coefficient: -.07231024
IQ 95% CI Lower: -.10674117
IQ 95% CI Upper: -.03787932
Regression results summary: z_IQ_at: 8 , Exposure: Diastolic_blood_pressure_(bp_dia) , Age: 17 , IQ_Coefficient: -.07231024 , IQ_95%_CI_Lower: -.10674117 , IQ_95%_CI_Upper: -.03787932
===========================
z_bp_dia_24 created with 11652 missing values
===============================================================================
Regression on: [regress z_bp_dia_24 z_total_iq_8 age_24 i.sex i.ses]
===============================================================================

      Source |       SS           df       MS      Number of obs   =     2,906
-------------+----------------------------------   F(8, 2897)      =      7.90
       Model |  61.7500426         8  7.71875533   Prob > F        =    0.0000
    Residual |  2830.98214     2,897  .977211648   R-squared       =    0.0213
-------------+----------------------------------   Adj R-squared   =    0.0186
       Total |  2892.73219     2,905  .995777001   Root MSE        =    .98854

-------------------------------------------------------------------------------------------
              z_bp_dia_24 | Coefficient  Std. err.      t    P>|t|     [95% conf. interval]
--------------------------+----------------------------------------------------------------
             z_total_iq_8 |   -.045357   .0200353    -2.26   0.024    -.0846419    -.006072
                   age_24 |  -.0081032    .001948    -4.16   0.000    -.0119228   -.0042835
                          |
                      sex |
                  Female  |  -.2101708    .037807    -5.56   0.000    -.2843021   -.1360396
                          |
                      ses |
 II Managerial/Technical  |   .0569929   .0492199     1.16   0.247    -.0395167    .1535025
IIINM Skilled Non-Manual  |   .1215888   .0577193     2.11   0.035     .0084138    .2347638
     IIIM Skilled Manual  |   .1023835   .0799769     1.28   0.201    -.0544339     .259201
       IV Partly Skilled  |    .310488   .1289043     2.41   0.016     .0577346    .5632415
             V Unskilled  |   .2603825   .4062405     0.64   0.522    -.5361671    1.056932
                          |
                    _cons |   2.442208   .5763859     4.24   0.000      1.31204    3.572376
-------------------------------------------------------------------------------------------
===========================
Regression results:
z_IQ at: 8
Exposure: Diastolic_blood_pressure (bp_dia)
Age: 24
IQ Coefficient: -.04535697
IQ 95% CI Lower: -.08464192
IQ 95% CI Upper: -.00607202
Regression results summary: z_IQ_at: 8 , Exposure: Diastolic_blood_pressure_(bp_dia) , Age: 24 , IQ_Coefficient: -.04535697 , IQ_95%_CI_Lower: -.08464192 , IQ_95%_CI_Upper: -.00607202
===========================
file output\js_cfpwv_bp_dia.png saved as PNG format
      name:  <unnamed>
       log:  S:\ICS_Student_Projects\2024-25\Jocelyn\output\js_cfpwv_bp_dia.log
  log type:  text
 closed on:  30 Jun 2025, 23:09:13
-------------------------------------------------------------------------------------------------------------------------------------------------------------------------------------------------------
