-------------------------------------------------------------------------------------------------------------------------------------------------------------------------------------------------------
      name:  <unnamed>
       log:  S:\ICS_Student_Projects\2024-25\Jocelyn\output\js_cfpwv_bp_sys.log
  log type:  text
 opened on:  30 Jun 2025, 23:09:11
z_total_iq_8 created with 8304 missing values
z_bp_sys_9 created with 8050 missing values
===============================================================================
Regression on: [regress z_bp_sys_9 z_total_iq_8 age_9 i.sex i.ses]
===============================================================================

      Source |       SS           df       MS      Number of obs   =     5,784
-------------+----------------------------------   F(8, 5775)      =      4.56
       Model |  35.2029839         8  4.40037298   Prob > F        =    0.0000
    Residual |  5569.10479     5,775   .96434715   R-squared       =    0.0063
-------------+----------------------------------   Adj R-squared   =    0.0049
       Total |  5604.30778     5,783  .969100428   Root MSE        =    .98201

-------------------------------------------------------------------------------------------
               z_bp_sys_9 | Coefficient  Std. err.      t    P>|t|     [95% conf. interval]
--------------------------+----------------------------------------------------------------
             z_total_iq_8 |  -.0239709   .0138454    -1.73   0.083    -.0511129    .0031712
                    age_9 |   .0129624    .003718     3.49   0.000     .0056738    .0202509
                          |
                      sex |
                  Female  |   .0470331   .0258459     1.82   0.069    -.0036346    .0977008
                          |
                      ses |
 II Managerial/Technical  |    .078176   .0378899     2.06   0.039     .0038975    .1524545
IIINM Skilled Non-Manual  |   .0902137   .0425763     2.12   0.034     .0067481    .1736793
     IIIM Skilled Manual  |   .1236879   .0541032     2.29   0.022     .0176253    .2297505
       IV Partly Skilled  |   .2232314   .0772179     2.89   0.004     .0718553    .3746075
             V Unskilled  |   .1407868   .2077737     0.68   0.498    -.2665275    .5481011
                          |
                    _cons |  -1.673195   .4405416    -3.80   0.000    -2.536822   -.8095688
-------------------------------------------------------------------------------------------
===========================
Regression results:
z_IQ at: 8
Exposure: Systolic_blood_pressure (bp_sys)
Age: 9
IQ Coefficient: -.02397086
IQ 95% CI Lower: -.05111294
IQ 95% CI Upper: .00317123
Regression results summary: z_IQ_at: 8 , Exposure: Systolic_blood_pressure_(bp_sys) , Age: 9 , IQ_Coefficient: -.02397086 , IQ_95%_CI_Lower: -.05111294 , IQ_95%_CI_Upper: .00317123
===========================
z_bp_sys_17 created with 10974 missing values
===============================================================================
Regression on: [regress z_bp_sys_17 z_total_iq_8 age_17 i.sex i.ses]
===============================================================================

      Source |       SS           df       MS      Number of obs   =     3,522
-------------+----------------------------------   F(9, 3512)      =    118.14
       Model |  794.474622         9   88.274958   Prob > F        =    0.0000
    Residual |  2624.25404     3,512  .747224954   R-squared       =    0.2324
-------------+----------------------------------   Adj R-squared   =    0.2304
       Total |  3418.72866     3,521  .970953894   Root MSE        =    .86442

-------------------------------------------------------------------------------------------
              z_bp_sys_17 | Coefficient  Std. err.      t    P>|t|     [95% conf. interval]
--------------------------+----------------------------------------------------------------
             z_total_iq_8 |  -.0241414   .0155628    -1.55   0.121    -.0546544    .0063717
                   age_17 |  -.0033087   .0032828    -1.01   0.314     -.009745    .0031275
                          |
                      sex |
                  Female  |  -.9523569   .0293894   -32.40   0.000    -1.009979   -.8947349
                          |
                      ses |
 II Managerial/Technical  |   .1130779    .040057     2.82   0.005     .0345407    .1916152
IIINM Skilled Non-Manual  |   .1032021   .0470179     2.19   0.028      .011017    .1953872
     IIIM Skilled Manual  |    .168669   .0622589     2.71   0.007     .0466017    .2907363
       IV Partly Skilled  |   .1282753   .0899707     1.43   0.154    -.0481248    .3046754
             V Unskilled  |   .3337528   .2525093     1.32   0.186     -.161327    .8288325
            Armed Forces  |  -1.257628   .8655442    -1.45   0.146    -2.954648    .4393923
                          |
                    _cons |   1.134353   .7003517     1.62   0.105     -.238784     2.50749
-------------------------------------------------------------------------------------------
===========================
Regression results:
z_IQ at: 8
Exposure: Systolic_blood_pressure (bp_sys)
Age: 17
IQ Coefficient: -.02414138
IQ 95% CI Lower: -.05465443
IQ 95% CI Upper: .00637167
Regression results summary: z_IQ_at: 8 , Exposure: Systolic_blood_pressure_(bp_sys) , Age: 17 , IQ_Coefficient: -.02414138 , IQ_95%_CI_Lower: -.05465443 , IQ_95%_CI_Upper: .00637167
===========================
z_bp_sys_24 created with 11652 missing values
===============================================================================
Regression on: [regress z_bp_sys_24 z_total_iq_8 age_24 i.sex i.ses]
===============================================================================

      Source |       SS           df       MS      Number of obs   =     2,906
-------------+----------------------------------   F(8, 2897)      =    116.03
       Model |  712.373387         8  89.0466734   Prob > F        =    0.0000
    Residual |  2223.26988     2,897  .767438687   R-squared       =    0.2427
-------------+----------------------------------   Adj R-squared   =    0.2406
       Total |  2935.64326     2,905  1.01054846   Root MSE        =    .87604

-------------------------------------------------------------------------------------------
              z_bp_sys_24 | Coefficient  Std. err.      t    P>|t|     [95% conf. interval]
--------------------------+----------------------------------------------------------------
             z_total_iq_8 |  -.0385159   .0177551    -2.17   0.030    -.0733299   -.0037019
                   age_24 |  -.0057337   .0017263    -3.32   0.001    -.0091186   -.0023487
                          |
                      sex |
                  Female  |  -1.017487   .0335042   -30.37   0.000    -1.083181   -.9517923
                          |
                      ses |
 II Managerial/Technical  |   .0103536   .0436183     0.24   0.812    -.0751724    .0958795
IIINM Skilled Non-Manual  |   .0298597   .0511503     0.58   0.559     -.070435    .1301544
     IIIM Skilled Manual  |    .058806   .0708749     0.83   0.407    -.0801642    .1977763
       IV Partly Skilled  |   .0839301   .1142339     0.73   0.463    -.1400578     .307918
             V Unskilled  |   .0442554   .3600068     0.12   0.902      -.66164    .7501507
                          |
                    _cons |   2.303982   .5107882     4.51   0.000     1.302437    3.305527
-------------------------------------------------------------------------------------------
===========================
Regression results:
z_IQ at: 8
Exposure: Systolic_blood_pressure (bp_sys)
Age: 24
IQ Coefficient: -.03851591
IQ 95% CI Lower: -.07332989
IQ 95% CI Upper: -.00370192
Regression results summary: z_IQ_at: 8 , Exposure: Systolic_blood_pressure_(bp_sys) , Age: 24 , IQ_Coefficient: -.03851591 , IQ_95%_CI_Lower: -.07332989 , IQ_95%_CI_Upper: -.00370192
===========================
file output\js_cfpwv_bp_sys.png saved as PNG format
      name:  <unnamed>
       log:  S:\ICS_Student_Projects\2024-25\Jocelyn\output\js_cfpwv_bp_sys.log
  log type:  text
 closed on:  30 Jun 2025, 23:09:12
-------------------------------------------------------------------------------------------------------------------------------------------------------------------------------------------------------
